<?xml version="1.0" encoding="UTF-8"?>
<!-- Generated by org.testng.reporters.JUnitReportReporter -->
<testsuite hostname="LAPTOP-SBSE2B7E" failures="0" tests="2" name="com.itexp.MedicalOfficeTest" time="0.006" errors="0" timestamp="10 Nov 2022 00:57:03 GMT">
  <testcase classname="com.itexp.MedicalOfficeTest" name="idCheck" time="0.005"/>
  <testcase classname="com.itexp.MedicalOfficeTest" name="nameCheck" time="0.001"/>
</testsuite> <!-- com.itexp.MedicalOfficeTest -->
